<?xml version="1.0" encoding="UTF-8"?>
<!-- Generated by org.testng.reporters.JUnitReportReporter -->
<testsuite hostname="SUSHMA" failures="0" tests="6" name="api.test.DataDrivenTests" time="2.033" errors="0" timestamp="2023-05-30T13:33:12 EDT" skipped="0">
  <testcase classname="api.test.DataDrivenTests" name="testPostUser" time="1.329"/>
  <system-out/>
  <testcase classname="api.test.DataDrivenTests" name="testPostUser" time="0.144"/>
  <system-out/>
  <testcase classname="api.test.DataDrivenTests" name="testPostUser" time="0.149"/>
  <system-out/>
  <testcase classname="api.test.DataDrivenTests" name="testDeleteUserByName" time="0.127"/>
  <system-out/>
  <testcase classname="api.test.DataDrivenTests" name="testDeleteUserByName" time="0.153"/>
  <system-out/>
  <testcase classname="api.test.DataDrivenTests" name="testDeleteUserByName" time="0.131"/>
  <system-out/>
</testsuite> <!-- api.test.DataDrivenTests -->
