<?xml version="1.0" encoding="UTF-8"?>
<!-- Generated by org.testng.reporters.JUnitReportReporter -->
<testsuite hostname="SUSHMA" failures="0" tests="4" name="api.test.UserTests2" time="2.852" errors="0" timestamp="2023-05-31T06:48:19 EDT" skipped="0">
  <testcase classname="api.test.UserTests2" name="testPOSTUser" time="2.092"/>
  <system-out/>
  <testcase classname="api.test.UserTests2" name="testGETUser" time="0.160"/>
  <system-out/>
  <testcase classname="api.test.UserTests2" name="testUpdateUser" time="0.324"/>
  <system-out/>
  <testcase classname="api.test.UserTests2" name="testDeleteUser" time="0.276"/>
  <system-out/>
</testsuite> <!-- api.test.UserTests2 -->
