<?xml version="1.0" encoding="UTF-8"?>
<!-- Generated by org.testng.reporters.JUnitReportReporter -->
<testsuite hostname="SUSHMA" failures="0" tests="4" name="api.test.UserTests" time="2.178" errors="0" timestamp="2023-05-30T13:33:44 EDT" skipped="0">
  <testcase classname="api.test.UserTests" name="testPOSTUser" time="1.593"/>
  <system-out/>
  <testcase classname="api.test.UserTests" name="testGETUser" time="0.153"/>
  <system-out/>
  <testcase classname="api.test.UserTests" name="testUpdateUser" time="0.283"/>
  <system-out/>
  <testcase classname="api.test.UserTests" name="testDeleteUser" time="0.149"/>
  <system-out/>
</testsuite> <!-- api.test.UserTests -->
