<?xml version="1.0" encoding="UTF-8"?>
<!-- Generated by org.testng.reporters.JUnitReportReporter -->
<testsuite hostname="SUSHMA" failures="0" tests="4" name="api.test.UserTests2" time="2.114" errors="0" timestamp="2023-05-31T21:14:51 EDT" skipped="0">
  <testcase classname="api.test.UserTests2" name="testPOSTUser" time="1.528"/>
  <system-out/>
  <testcase classname="api.test.UserTests2" name="testGETUser" time="0.162"/>
  <system-out/>
  <testcase classname="api.test.UserTests2" name="testUpdateUser" time="0.259"/>
  <system-out/>
  <testcase classname="api.test.UserTests2" name="testDeleteUser" time="0.165"/>
  <system-out/>
</testsuite> <!-- api.test.UserTests2 -->
